----------------------------------------------------------------
Mon Sep 20 15:23:12 CST 2021:
Booting Derby version The Apache Software Foundation - Apache Derby - 10.14.2.0 - (1828579): instance a816c00e-017c-0216-5315-00000c372918 
on database directory memory:D:\workspace\mockmocker\3c0e3575-b77d-4114-965e-b2ccbcb8382f with class loader sun.misc.Launcher$AppClassLoader@18b4aac2 
Loaded from file:/D:/repository/org/apache/derby/derby/10.14.2.0/derby-10.14.2.0.jar
java.vendor=Oracle Corporation
java.runtime.version=1.8.0_202-b08
user.dir=D:\workspace\mockmocker
os.name=Windows 10
os.arch=amd64
os.version=10.0
derby.system.home=null
Database Class Loader started - derby.database.classpath=''
----------------------------------------------------------------
Mon Sep 20 15:23:13 CST 2021:
Shutting down instance a816c00e-017c-0216-5315-00000c372918 on database directory memory:D:\workspace\mockmocker\3c0e3575-b77d-4114-965e-b2ccbcb8382f with class loader sun.misc.Launcher$AppClassLoader@18b4aac2 
----------------------------------------------------------------
Mon Sep 20 15:23:13 CST 2021:
Booting Derby version The Apache Software Foundation - Apache Derby - 10.14.2.0 - (1828579): instance 0ddd00a9-017c-0216-5315-00000c372918 
on database directory memory:D:\workspace\mockmocker\3c0e3575-b77d-4114-965e-b2ccbcb8382f with class loader sun.misc.Launcher$AppClassLoader@18b4aac2 
Loaded from file:/D:/repository/org/apache/derby/derby/10.14.2.0/derby-10.14.2.0.jar
java.vendor=Oracle Corporation
java.runtime.version=1.8.0_202-b08
user.dir=D:\workspace\mockmocker
os.name=Windows 10
os.arch=amd64
os.version=10.0
derby.system.home=null
Database Class Loader started - derby.database.classpath=''
----------------------------------------------------------------
Mon Sep 20 15:25:22 CST 2021:
Booting Derby version The Apache Software Foundation - Apache Derby - 10.14.2.0 - (1828579): instance 560740aa-017c-0216-5315-00000c372918 
on database directory memory:D:\workspace\mockmocker\1420c698-715d-4b92-9fa3-049c0f2e87ef with class loader sun.misc.Launcher$AppClassLoader@18b4aac2 
Loaded from file:/D:/repository/org/apache/derby/derby/10.14.2.0/derby-10.14.2.0.jar
java.vendor=Oracle Corporation
java.runtime.version=1.8.0_202-b08
user.dir=D:\workspace\mockmocker
os.name=Windows 10
os.arch=amd64
os.version=10.0
derby.system.home=null
Database Class Loader started - derby.database.classpath=''
----------------------------------------------------------------
Mon Sep 20 15:25:22 CST 2021:
Shutting down instance 560740aa-017c-0216-5315-00000c372918 on database directory memory:D:\workspace\mockmocker\1420c698-715d-4b92-9fa3-049c0f2e87ef with class loader sun.misc.Launcher$AppClassLoader@18b4aac2 
----------------------------------------------------------------
Mon Sep 20 15:25:22 CST 2021:
Booting Derby version The Apache Software Foundation - Apache Derby - 10.14.2.0 - (1828579): instance 736a8145-017c-0216-5315-00000c372918 
on database directory memory:D:\workspace\mockmocker\1420c698-715d-4b92-9fa3-049c0f2e87ef with class loader sun.misc.Launcher$AppClassLoader@18b4aac2 
Loaded from file:/D:/repository/org/apache/derby/derby/10.14.2.0/derby-10.14.2.0.jar
java.vendor=Oracle Corporation
java.runtime.version=1.8.0_202-b08
user.dir=D:\workspace\mockmocker
os.name=Windows 10
os.arch=amd64
os.version=10.0
derby.system.home=null
Database Class Loader started - derby.database.classpath=''
